<?xml version="1.0" encoding="UTF-8"?>
<!-- Generated by org.testng.reporters.JUnitReportReporter -->
<testsuite skipped="0" hostname="DESKTOP-2AKUF86" name="APack.ClassOne" tests="1" failures="0" timestamp="14 May 2020 18:08:51 GMT" time="12.540" errors="0">
  <testcase name="methodOneA" time="12.540" classname="APack.ClassOne"/>
</testsuite> <!-- APack.ClassOne -->
