<?xml version="1.0" encoding="UTF-8"?>
<!-- Generated by org.testng.reporters.JUnitReportReporter -->
<testsuite skipped="0" hostname="DESKTOP-2AKUF86" name="APack.ClassTwo" tests="2" failures="0" timestamp="14 May 2020 18:08:51 GMT" time="8.452" errors="0">
  <testcase name="methodTwoA" time="8.452" classname="APack.ClassTwo"/>
  <testcase name="methodTwoB" time="0.000" classname="APack.ClassTwo"/>
</testsuite> <!-- APack.ClassTwo -->
