<?xml version="1.0" encoding="UTF-8"?>
<!-- Generated by org.testng.reporters.JUnitReportReporter -->
<testsuite skipped="0" hostname="DESKTOP-2AKUF86" name="APack.ClassThree" tests="1" failures="0" timestamp="14 May 2020 18:08:51 GMT" time="12.491" errors="0">
  <testcase name="methodThreeA" time="12.491" classname="APack.ClassThree"/>
</testsuite> <!-- APack.ClassThree -->
