<?xml version="1.0" encoding="UTF-8"?>
<!-- Generated by org.testng.reporters.JUnitReportReporter -->
<testsuite skipped="0" hostname="DESKTOP-2AKUF86" name="APack.ClassThree" tests="1" failures="0" timestamp="16 May 2020 16:28:45 GMT" time="8.566" errors="0">
  <testcase name="methodThreeA" time="8.566" classname="APack.ClassThree"/>
</testsuite> <!-- APack.ClassThree -->
