<?xml version="1.0" encoding="UTF-8"?>
<!-- Generated by org.testng.reporters.JUnitReportReporter -->
<testsuite skipped="0" hostname="DESKTOP-2AKUF86" name="APack.ClassTwo" tests="2" failures="0" timestamp="16 May 2020 16:28:45 GMT" time="4.935" errors="0">
  <testcase name="methodTwoA" time="4.933" classname="APack.ClassTwo"/>
  <testcase name="methodTwoB" time="0.002" classname="APack.ClassTwo"/>
</testsuite> <!-- APack.ClassTwo -->
