<?xml version="1.0" encoding="UTF-8"?>
<!-- Generated by org.testng.reporters.JUnitReportReporter -->
<testsuite skipped="0" hostname="DESKTOP-2AKUF86" name="APack.ClassFour" tests="1" failures="0" timestamp="16 May 2020 16:28:45 GMT" time="4.946" errors="0">
  <testcase name="methodFourA" time="4.946" classname="APack.ClassFour"/>
</testsuite> <!-- APack.ClassFour -->
